#
# There is insufficient memory for the Java Runtime Environment to continue.
# Native memory allocation (malloc) failed to allocate 1048576 bytes for AllocateHeap
# Possible reasons:
#   The system is out of physical RAM or swap space
#   The process is running with CompressedOops enabled, and the Java Heap may be blocking the growth of the native heap
# Possible solutions:
#   Reduce memory load on the system
#   Increase physical memory or swap space
#   Check if swap backing store is full
#   Decrease Java heap size (-Xmx/-Xms)
#   Decrease number of Java threads
#

not at safepoint (normal execution)

VM Mutex/Monitor currently owned by a thread: None

heap address: 0x00000000ff000000, size: 16 MB, Compressed Oops mode: 32-bit
Narrow klass base: 0x0000000000000000, Narrow klass shift: 3
Compressed class space size: 1073741824 Address: 0x0000000100000000

Heap:
 PSYoungGen      total 4608K, used 81K [0x00000000ffb00000, 0x0000000100000000, 0x0000000100000000)
  eden space 4096K, 2% used [0x00000000ffb00000,0x00000000ffb147b8,0x00000000fff00000)
  from space 512K, 0% used [0x00000000fff80000,0x00000000fff80000,0x0000000100000000)
  to   space 512K, 0% used [0x00000000fff00000,0x00000000fff00000,0x00000000fff80000)
 ParOldGen       total 11264K, used 0K [0x00000000ff000000, 0x00000000ffb00000, 0x00000000ffb00000)
  object space 11264K, 0% used [0x00000000ff000000,0x00000000ff000000,0x00000000ffb00000)
 Metaspace       used 779K, capacity 4480K, committed 4480K, reserved 1056768K
  class space    used 76K, capacity 384K, committed 384K, reserved 1048576K

Card table byte_map: [0x000001cfffd70000,0x000001cfffd80000] byte_map_base: 0x000001cfff578000

Marking Bits: (ParMarkBitMap*) 0x000000006c52c930
 Begin Bits: [0x000001cfffd90000, 0x000001cfffdd0000)
 End Bits:   [0x000001cfffdd0000, 0x000001cfffe10000)

Polling page: 0x000001cfffbd0000

CodeCache: size=245760Kb used=328Kb max_used=328Kb free=245431Kb
 bounds [0x000001cf817a0000, 0x000001cf81a10000, 0x000001cf907a0000]
 total_blobs=57 nmethods=0 adapters=38
 compilation: enabled

Compilation events (0 events):
No events

GC Heap History (0 events):
No events

Deoptimization events (0 events):
No events

Classes redefined (0 events):
No events

Internal exceptions (0 events):
No events

Events (10 events):
Event: 1.794 loading class java/lang/Short
Event: 1.795 loading class java/lang/Short done
Event: 1.795 loading class java/lang/Integer
Event: 1.797 loading class java/lang/Integer done
Event: 1.797 loading class java/lang/Long
Event: 1.800 loading class java/lang/Long done
Event: 1.807 loading class java/lang/NullPointerException
Event: 1.808 loading class java/lang/NullPointerException done
Event: 1.808 loading class java/lang/ArithmeticException
Event: 1.808 loading class java/lang/ArithmeticException done


Dynamic libraries:
0x00007ff6fa8c0000 - 0x00007ff6fa90d000 	C:\Users\Ilyesse\AppData\Roaming\Code\User\globalStorage\pleiades.java-extension-pack-jdk\java\8\bin\javaw.exe
0x00007ffa95ef0000 - 0x00007ffa96107000 	C:\WINDOWS\SYSTEM32\ntdll.dll
0x00007ffa94d10000 - 0x00007ffa94dd4000 	C:\WINDOWS\System32\KERNEL32.DLL
0x00007ffa93120000 - 0x00007ffa934f3000 	C:\WINDOWS\System32\KERNELBASE.dll
0x00007ffa93c30000 - 0x00007ffa93ce1000 	C:\WINDOWS\System32\ADVAPI32.dll
0x00007ffa95dd0000 - 0x00007ffa95e77000 	C:\WINDOWS\System32\msvcrt.dll
0x00007ffa93cf0000 - 0x00007ffa93d97000 	C:\WINDOWS\System32\sechost.dll
0x00007ffa93500000 - 0x00007ffa93528000 	C:\WINDOWS\System32\bcrypt.dll
0x00007ffa955d0000 - 0x00007ffa956e4000 	C:\WINDOWS\System32\RPCRT4.dll
0x00007ffa95410000 - 0x00007ffa955c1000 	C:\WINDOWS\System32\USER32.dll
0x00007ffa930f0000 - 0x00007ffa93116000 	C:\WINDOWS\System32\win32u.dll
0x00007ffa93da0000 - 0x00007ffa93dc9000 	C:\WINDOWS\System32\GDI32.dll
0x00007ffa93900000 - 0x00007ffa93a22000 	C:\WINDOWS\System32\gdi32full.dll
0x00007ffa93860000 - 0x00007ffa938fa000 	C:\WINDOWS\System32\msvcp_win.dll
0x00007ffa93a30000 - 0x00007ffa93b41000 	C:\WINDOWS\System32\ucrtbase.dll
0x00007ffa7c220000 - 0x00007ffa7c4bb000 	C:\WINDOWS\WinSxS\amd64_microsoft.windows.common-controls_6595b64144ccf1df_6.0.22621.5262_none_2712bde373830908\COMCTL32.dll
0x00007ffa95d00000 - 0x00007ffa95d31000 	C:\WINDOWS\System32\IMM32.DLL
0x00007ffa8af80000 - 0x00007ffa8af9e000 	C:\Users\Ilyesse\AppData\Roaming\Code\User\globalStorage\pleiades.java-extension-pack-jdk\java\8\jre\bin\vcruntime140.dll
0x00007ffa8e880000 - 0x00007ffa8e88c000 	C:\Users\Ilyesse\AppData\Roaming\Code\User\globalStorage\pleiades.java-extension-pack-jdk\java\8\jre\bin\vcruntime140_1.dll
0x00007ffa65020000 - 0x00007ffa650ad000 	C:\Users\Ilyesse\AppData\Roaming\Code\User\globalStorage\pleiades.java-extension-pack-jdk\java\8\jre\bin\msvcp140.dll
0x000000006bd10000 - 0x000000006c5a6000 	C:\Users\Ilyesse\AppData\Roaming\Code\User\globalStorage\pleiades.java-extension-pack-jdk\java\8\jre\bin\server\jvm.dll
0x00007ffa10810000 - 0x00007ffa10819000 	C:\WINDOWS\SYSTEM32\WSOCK32.dll
0x00007ffa94b70000 - 0x00007ffa94be1000 	C:\WINDOWS\System32\WS2_32.dll
0x00007ffa8a140000 - 0x00007ffa8a174000 	C:\WINDOWS\SYSTEM32\WINMM.dll
0x00007ffa880f0000 - 0x00007ffa880fa000 	C:\WINDOWS\SYSTEM32\VERSION.dll
0x00007ffa93ef0000 - 0x00007ffa93ef8000 	C:\WINDOWS\System32\PSAPI.DLL
0x00007ffa920c0000 - 0x00007ffa920d8000 	C:\WINDOWS\SYSTEM32\kernel.appcore.dll
0x00007ffa7a760000 - 0x00007ffa7a770000 	C:\Users\Ilyesse\AppData\Roaming\Code\User\globalStorage\pleiades.java-extension-pack-jdk\java\8\jre\bin\verify.dll
0x00007ffa74d20000 - 0x00007ffa74d4b000 	C:\Users\Ilyesse\AppData\Roaming\Code\User\globalStorage\pleiades.java-extension-pack-jdk\java\8\jre\bin\java.dll
0x00007ffa72ee0000 - 0x00007ffa72ef8000 	C:\Users\Ilyesse\AppData\Roaming\Code\User\globalStorage\pleiades.java-extension-pack-jdk\java\8\jre\bin\zip.dll

VM Arguments:
jvm_args: -Xmx16m 
java_command: org.eclipse.jdt.internal.launching.support.LibraryDetector
java_class_path (initial): C:\Users\Ilyesse\AppData\Roaming\Code\User\globalStorage\redhat.java\1.42.0\config_ss_win\org.eclipse.osgi\39\0\.cp\lib\launchingsupport.jar
Launcher Type: SUN_STANDARD

Environment Variables:
JAVA_HOME=C:\Program Files\Java\jdk-17
USERNAME=Ilyesse
OS=Windows_NT
PROCESSOR_IDENTIFIER=Intel64 Family 6 Model 141 Stepping 1, GenuineIntel



---------------  S Y S T E M  ---------------

OS: Windows 11 , 64 bit Build 22621 (10.0.22621.5262)

CPU:total 12 (initial active 12) (6 cores per cpu, 2 threads per core) family 6 model 141 stepping 1, cmov, cx8, fxsr, mmx, sse, sse2, sse3, ssse3, sse4.1, sse4.2, popcnt, avx, avx2, aes, clmul, erms, 3dnowpref, lzcnt, ht, tsc, tscinvbit, bmi1, bmi2, adx

Memory: 4k page, physical 16551224k(549148k free), swap 32570672k(4476k free)

vm_info: OpenJDK 64-Bit Server VM (25.452-b09) for windows-amd64 JRE (1.8.0_452-b09), built on Apr 15 2025 20:15:54 by "ContainerUser" with unknown MS VC++:1937

time: Tue Jun 24 22:05:40 2025
timezone: Paris, Madrid (heure d 141 Stepping 1, GenuineIntel
elapsed time: 1.842537 seconds (0d 0h 0m 1s)

